2024-03-29T13:13:48.872+09:00  INFO 3164 --- [sboard] [restartedMain] kr.co.sboard.SboardApplication           : Starting SboardApplication using Java 17.0.9 with PID 3164 (C:\Users\java\Desktop\Workspace\sboard\build\classes\java\main started by java in C:\Users\java\Desktop\Workspace\sboard)
2024-03-29T13:13:48.876+09:00  INFO 3164 --- [sboard] [restartedMain] kr.co.sboard.SboardApplication           : No active profile set, falling back to 1 default profile: "default"
2024-03-29T13:13:49.013+09:00  INFO 3164 --- [sboard] [restartedMain] .e.DevToolsPropertyDefaultsPostProcessor : Devtools property defaults active! Set 'spring.devtools.add-properties' to 'false' to disable
2024-03-29T13:13:49.013+09:00  INFO 3164 --- [sboard] [restartedMain] .e.DevToolsPropertyDefaultsPostProcessor : For additional web related logging consider setting the 'logging.level.web' property to 'DEBUG'
2024-03-29T13:13:49.513+09:00  INFO 3164 --- [sboard] [restartedMain] .s.d.r.c.RepositoryConfigurationDelegate : Bootstrapping Spring Data JPA repositories in DEFAULT mode.
2024-03-29T13:13:49.550+09:00  INFO 3164 --- [sboard] [restartedMain] .s.d.r.c.RepositoryConfigurationDelegate : Finished Spring Data repository scanning in 32 ms. Found 4 JPA repository interfaces.
2024-03-29T13:13:50.069+09:00  INFO 3164 --- [sboard] [restartedMain] o.s.b.w.embedded.tomcat.TomcatWebServer  : Tomcat initialized with port 8080 (http)
2024-03-29T13:13:50.078+09:00  INFO 3164 --- [sboard] [restartedMain] o.apache.catalina.core.StandardService   : Starting service [Tomcat]
2024-03-29T13:13:50.078+09:00  INFO 3164 --- [sboard] [restartedMain] o.apache.catalina.core.StandardEngine    : Starting Servlet engine: [Apache Tomcat/10.1.19]
2024-03-29T13:13:50.110+09:00  INFO 3164 --- [sboard] [restartedMain] o.a.c.c.C.[.[localhost].[/sboard]        : Initializing Spring embedded WebApplicationContext
2024-03-29T13:13:50.111+09:00  INFO 3164 --- [sboard] [restartedMain] w.s.c.ServletWebServerApplicationContext : Root WebApplicationContext: initialization completed in 1098 ms
2024-03-29T13:13:50.212+09:00  INFO 3164 --- [sboard] [restartedMain] o.hibernate.jpa.internal.util.LogHelper  : HHH000204: Processing PersistenceUnitInfo [name: default]
2024-03-29T13:13:50.254+09:00  INFO 3164 --- [sboard] [restartedMain] org.hibernate.Version                    : HHH000412: Hibernate ORM core version 6.4.4.Final
2024-03-29T13:13:50.284+09:00  INFO 3164 --- [sboard] [restartedMain] o.h.c.internal.RegionFactoryInitiator    : HHH000026: Second-level cache disabled
2024-03-29T13:13:50.461+09:00  INFO 3164 --- [sboard] [restartedMain] o.s.o.j.p.SpringPersistenceUnitInfo      : No LoadTimeWeaver setup: ignoring JPA class transformer
2024-03-29T13:13:50.479+09:00  INFO 3164 --- [sboard] [restartedMain] com.zaxxer.hikari.HikariDataSource       : HikariPool-1 - Starting...
2024-03-29T13:13:50.655+09:00  INFO 3164 --- [sboard] [restartedMain] com.zaxxer.hikari.pool.HikariPool        : HikariPool-1 - Added connection com.mysql.cj.jdbc.ConnectionImpl@5181bc05
2024-03-29T13:13:50.656+09:00  INFO 3164 --- [sboard] [restartedMain] com.zaxxer.hikari.HikariDataSource       : HikariPool-1 - Start completed.
2024-03-29T13:13:50.694+09:00  WARN 3164 --- [sboard] [restartedMain] org.hibernate.orm.deprecation            : HHH90000025: MySQLDialect does not need to be specified explicitly using 'hibernate.dialect' (remove the property setting and it will be selected by default)
2024-03-29T13:13:51.283+09:00  INFO 3164 --- [sboard] [restartedMain] o.h.e.t.j.p.i.JtaPlatformInitiator       : HHH000489: No JTA platform available (set 'hibernate.transaction.jta.platform' to enable JTA platform integration)
2024-03-29T13:13:51.317+09:00  INFO 3164 --- [sboard] [restartedMain] j.LocalContainerEntityManagerFactoryBean : Initialized JPA EntityManagerFactory for persistence unit 'default'
2024-03-29T13:13:51.793+09:00  WARN 3164 --- [sboard] [restartedMain] JpaBaseConfiguration$JpaWebConfiguration : spring.jpa.open-in-view is enabled by default. Therefore, database queries may be performed during view rendering. Explicitly configure spring.jpa.open-in-view to disable this warning
2024-03-29T13:13:52.007+09:00  INFO 3164 --- [sboard] [restartedMain] o.s.s.web.DefaultSecurityFilterChain     : Will secure any request with [org.springframework.security.web.session.DisableEncodeUrlFilter@4e64edf, org.springframework.security.web.context.request.async.WebAsyncManagerIntegrationFilter@6ce8c00a, org.springframework.security.web.context.SecurityContextHolderFilter@5cbec884, org.springframework.security.web.header.HeaderWriterFilter@71dec49d, org.springframework.web.filter.CorsFilter@689046c3, org.springframework.security.web.authentication.logout.LogoutFilter@7eb6a1d0, org.springframework.security.oauth2.client.web.OAuth2AuthorizationRequestRedirectFilter@6952ec70, org.springframework.security.oauth2.client.web.OAuth2LoginAuthenticationFilter@6fc0d0cc, org.springframework.security.web.authentication.UsernamePasswordAuthenticationFilter@a1b44a0, org.springframework.security.web.savedrequest.RequestCacheAwareFilter@2617bfe9, org.springframework.security.web.servletapi.SecurityContextHolderAwareRequestFilter@6fdbf341, org.springframework.security.web.authentication.AnonymousAuthenticationFilter@52aaaee1, org.springframework.security.web.access.ExceptionTranslationFilter@4e0b735a, org.springframework.security.web.access.intercept.AuthorizationFilter@b01efa3]
2024-03-29T13:13:52.171+09:00  INFO 3164 --- [sboard] [restartedMain] o.s.b.d.a.OptionalLiveReloadServer       : LiveReload server is running on port 35729
2024-03-29T13:13:52.195+09:00  INFO 3164 --- [sboard] [restartedMain] o.s.b.w.embedded.tomcat.TomcatWebServer  : Tomcat started on port 8080 (http) with context path '/sboard'
2024-03-29T13:13:52.201+09:00  INFO 3164 --- [sboard] [restartedMain] kr.co.sboard.SboardApplication           : Started SboardApplication in 3.612 seconds (process running for 4.046)
2024-03-29T13:14:39.378+09:00  INFO 3164 --- [sboard] [SpringApplicationShutdownHook] j.LocalContainerEntityManagerFactoryBean : Closing JPA EntityManagerFactory for persistence unit 'default'
2024-03-29T13:14:39.381+09:00  INFO 3164 --- [sboard] [SpringApplicationShutdownHook] com.zaxxer.hikari.HikariDataSource       : HikariPool-1 - Shutdown initiated...
2024-03-29T13:14:39.384+09:00  INFO 3164 --- [sboard] [SpringApplicationShutdownHook] com.zaxxer.hikari.HikariDataSource       : HikariPool-1 - Shutdown completed.
2024-03-29T13:19:19.267+09:00  INFO 9192 --- [sboard] [restartedMain] kr.co.sboard.SboardApplication           : Starting SboardApplication using Java 17.0.9 with PID 9192 (C:\Users\java\Desktop\Workspace\sboard\build\classes\java\main started by java in C:\Users\java\Desktop\Workspace\sboard)
2024-03-29T13:19:19.269+09:00  INFO 9192 --- [sboard] [restartedMain] kr.co.sboard.SboardApplication           : No active profile set, falling back to 1 default profile: "default"
2024-03-29T13:19:19.393+09:00  INFO 9192 --- [sboard] [restartedMain] .e.DevToolsPropertyDefaultsPostProcessor : Devtools property defaults active! Set 'spring.devtools.add-properties' to 'false' to disable
2024-03-29T13:19:19.393+09:00  INFO 9192 --- [sboard] [restartedMain] .e.DevToolsPropertyDefaultsPostProcessor : For additional web related logging consider setting the 'logging.level.web' property to 'DEBUG'
2024-03-29T13:19:19.845+09:00  INFO 9192 --- [sboard] [restartedMain] .s.d.r.c.RepositoryConfigurationDelegate : Bootstrapping Spring Data JPA repositories in DEFAULT mode.
2024-03-29T13:19:19.880+09:00  INFO 9192 --- [sboard] [restartedMain] .s.d.r.c.RepositoryConfigurationDelegate : Finished Spring Data repository scanning in 31 ms. Found 4 JPA repository interfaces.
2024-03-29T13:19:20.292+09:00  INFO 9192 --- [sboard] [restartedMain] o.s.b.w.embedded.tomcat.TomcatWebServer  : Tomcat initialized with port 8080 (http)
2024-03-29T13:19:20.299+09:00  INFO 9192 --- [sboard] [restartedMain] o.apache.catalina.core.StandardService   : Starting service [Tomcat]
2024-03-29T13:19:20.299+09:00  INFO 9192 --- [sboard] [restartedMain] o.apache.catalina.core.StandardEngine    : Starting Servlet engine: [Apache Tomcat/10.1.19]
2024-03-29T13:19:20.332+09:00  INFO 9192 --- [sboard] [restartedMain] o.a.c.c.C.[.[localhost].[/sboard]        : Initializing Spring embedded WebApplicationContext
2024-03-29T13:19:20.332+09:00  INFO 9192 --- [sboard] [restartedMain] w.s.c.ServletWebServerApplicationContext : Root WebApplicationContext: initialization completed in 939 ms
2024-03-29T13:19:20.438+09:00  INFO 9192 --- [sboard] [restartedMain] o.hibernate.jpa.internal.util.LogHelper  : HHH000204: Processing PersistenceUnitInfo [name: default]
2024-03-29T13:19:20.466+09:00  INFO 9192 --- [sboard] [restartedMain] org.hibernate.Version                    : HHH000412: Hibernate ORM core version 6.4.4.Final
2024-03-29T13:19:20.486+09:00  INFO 9192 --- [sboard] [restartedMain] o.h.c.internal.RegionFactoryInitiator    : HHH000026: Second-level cache disabled
2024-03-29T13:19:20.632+09:00  INFO 9192 --- [sboard] [restartedMain] o.s.o.j.p.SpringPersistenceUnitInfo      : No LoadTimeWeaver setup: ignoring JPA class transformer
2024-03-29T13:19:20.650+09:00  INFO 9192 --- [sboard] [restartedMain] com.zaxxer.hikari.HikariDataSource       : HikariPool-1 - Starting...
2024-03-29T13:19:20.795+09:00  INFO 9192 --- [sboard] [restartedMain] com.zaxxer.hikari.pool.HikariPool        : HikariPool-1 - Added connection com.mysql.cj.jdbc.ConnectionImpl@4dcb0e1b
2024-03-29T13:19:20.797+09:00  INFO 9192 --- [sboard] [restartedMain] com.zaxxer.hikari.HikariDataSource       : HikariPool-1 - Start completed.
2024-03-29T13:19:20.827+09:00  WARN 9192 --- [sboard] [restartedMain] org.hibernate.orm.deprecation            : HHH90000025: MySQLDialect does not need to be specified explicitly using 'hibernate.dialect' (remove the property setting and it will be selected by default)
2024-03-29T13:19:21.414+09:00  INFO 9192 --- [sboard] [restartedMain] o.h.e.t.j.p.i.JtaPlatformInitiator       : HHH000489: No JTA platform available (set 'hibernate.transaction.jta.platform' to enable JTA platform integration)
2024-03-29T13:19:21.445+09:00  INFO 9192 --- [sboard] [restartedMain] j.LocalContainerEntityManagerFactoryBean : Initialized JPA EntityManagerFactory for persistence unit 'default'
2024-03-29T13:19:21.867+09:00  WARN 9192 --- [sboard] [restartedMain] JpaBaseConfiguration$JpaWebConfiguration : spring.jpa.open-in-view is enabled by default. Therefore, database queries may be performed during view rendering. Explicitly configure spring.jpa.open-in-view to disable this warning
2024-03-29T13:19:22.057+09:00  INFO 9192 --- [sboard] [restartedMain] o.s.s.web.DefaultSecurityFilterChain     : Will secure any request with [org.springframework.security.web.session.DisableEncodeUrlFilter@1dc40b7c, org.springframework.security.web.context.request.async.WebAsyncManagerIntegrationFilter@a7f6d69, org.springframework.security.web.context.SecurityContextHolderFilter@72cb0dfe, org.springframework.security.web.header.HeaderWriterFilter@5dfd2c5f, org.springframework.web.filter.CorsFilter@52304b68, org.springframework.security.web.authentication.logout.LogoutFilter@59b3a23a, org.springframework.security.oauth2.client.web.OAuth2AuthorizationRequestRedirectFilter@10e5af08, org.springframework.security.oauth2.client.web.OAuth2LoginAuthenticationFilter@41230147, org.springframework.security.web.authentication.UsernamePasswordAuthenticationFilter@14845535, org.springframework.security.web.savedrequest.RequestCacheAwareFilter@433de006, org.springframework.security.web.servletapi.SecurityContextHolderAwareRequestFilter@233462b0, org.springframework.security.web.authentication.AnonymousAuthenticationFilter@c8d6dad, org.springframework.security.web.access.ExceptionTranslationFilter@36861d82, org.springframework.security.web.access.intercept.AuthorizationFilter@7a94506e]
2024-03-29T13:19:22.228+09:00  INFO 9192 --- [sboard] [restartedMain] o.s.b.d.a.OptionalLiveReloadServer       : LiveReload server is running on port 35729
2024-03-29T13:19:22.249+09:00  INFO 9192 --- [sboard] [restartedMain] o.s.b.w.embedded.tomcat.TomcatWebServer  : Tomcat started on port 8080 (http) with context path '/sboard'
2024-03-29T13:19:22.254+09:00  INFO 9192 --- [sboard] [restartedMain] kr.co.sboard.SboardApplication           : Started SboardApplication in 3.246 seconds (process running for 3.636)
2024-03-29T13:19:29.124+09:00  INFO 9192 --- [sboard] [http-nio-8080-exec-2] o.a.c.c.C.[.[localhost].[/sboard]        : Initializing Spring DispatcherServlet 'dispatcherServlet'
2024-03-29T13:19:29.124+09:00  INFO 9192 --- [sboard] [http-nio-8080-exec-2] o.s.web.servlet.DispatcherServlet        : Initializing Servlet 'dispatcherServlet'
2024-03-29T13:19:29.125+09:00  INFO 9192 --- [sboard] [http-nio-8080-exec-2] o.s.web.servlet.DispatcherServlet        : Completed initialization in 0 ms
2024-03-29T13:19:35.672+09:00  INFO 9192 --- [sboard] [SpringApplicationShutdownHook] j.LocalContainerEntityManagerFactoryBean : Closing JPA EntityManagerFactory for persistence unit 'default'
2024-03-29T13:19:35.675+09:00  INFO 9192 --- [sboard] [SpringApplicationShutdownHook] com.zaxxer.hikari.HikariDataSource       : HikariPool-1 - Shutdown initiated...
2024-03-29T13:19:35.682+09:00  INFO 9192 --- [sboard] [SpringApplicationShutdownHook] com.zaxxer.hikari.HikariDataSource       : HikariPool-1 - Shutdown completed.
